---------------------- VECTOR ----------------------
CONSTRUCTOR --- NO_ARG_OVERLOAD
numbers
-----------------
size=0
capacity=0
content:
-----------------

INSERT --- SINGLE_ELEMENT_OVERLOAD
numbers
-----------------
size=1
capacity=1
content:
[0] - 1
-----------------

INSERT --- FILL_OVERLOAD
numbers
-----------------
size=3
capacity=3
content:
[0] - 30
[1] - 30
[2] - 1
-----------------

INSERT --- FILL_OVERLOAD
numbers
-----------------
size=5
capacity=6
content:
[0] - 15
[1] - 15
[2] - 30
[3] - 30
[4] - 1
-----------------

INSERT --- FILL_OVERLOAD
numbers
-----------------
size=13
capacity=13
content:
[0] - 10
[1] - 10
[2] - 10
[3] - 10
[4] - 10
[5] - 10
[6] - 10
[7] - 10
[8] - 15
[9] - 15
[10] - 30
[11] - 30
[12] - 1
-----------------

INSERT --- FILL_OVERLOAD
numbers
-----------------
size=15
capacity=26
content:
[0] - 10
[1] - 10
[2] - 10
[3] - 10
[4] - 10
[5] - 5
[6] - 5
[7] - 10
[8] - 10
[9] - 10
[10] - 15
[11] - 15
[12] - 30
[13] - 30
[14] - 1
-----------------

push_back
numbers
-----------------
size=16
capacity=26
content:
[0] - 10
[1] - 10
[2] - 10
[3] - 10
[4] - 10
[5] - 5
[6] - 5
[7] - 10
[8] - 10
[9] - 10
[10] - 15
[11] - 15
[12] - 30
[13] - 30
[14] - 1
[15] - 45
-----------------

pop_back
numbers
-----------------
size=15
capacity=26
content:
[0] - 10
[1] - 10
[2] - 10
[3] - 10
[4] - 10
[5] - 5
[6] - 5
[7] - 10
[8] - 10
[9] - 10
[10] - 15
[11] - 15
[12] - 30
[13] - 30
[14] - 1
-----------------

FRONT
10

BACK
1

AT
30

CONSTRUCTOR --- FILL_OVERLOAD
numbers2
numbers2
-----------------
size=5
capacity=5
content:
[0] - 12
[1] - 12
[2] - 12
[3] - 12
[4] - 12
-----------------

SWAP
numbers
-----------------
size=5
capacity=5
content:
[0] - 12
[1] - 12
[2] - 12
[3] - 12
[4] - 12
-----------------

numbers2
-----------------
size=15
capacity=26
content:
[0] - 10
[1] - 10
[2] - 10
[3] - 10
[4] - 10
[5] - 5
[6] - 5
[7] - 10
[8] - 10
[9] - 10
[10] - 15
[11] - 15
[12] - 30
[13] - 30
[14] - 1
-----------------

RESIZE --- NO_VALUE --- SIZE_UP
-----------------
size=50
capacity=50
content:
[0] - 10
[1] - 10
[2] - 10
[3] - 10
[4] - 10
[5] - 5
[6] - 5
[7] - 10
[8] - 10
[9] - 10
[10] - 15
[11] - 15
[12] - 30
[13] - 30
[14] - 1
[15] - 0
[16] - 0
[17] - 0
[18] - 0
[19] - 0
[20] - 0
[21] - 0
[22] - 0
[23] - 0
[24] - 0
[25] - 0
[26] - 0
[27] - 0
[28] - 0
[29] - 0
[30] - 0
[31] - 0
[32] - 0
[33] - 0
[34] - 0
[35] - 0
[36] - 0
[37] - 0
[38] - 0
[39] - 0
[40] - 0
[41] - 0
[42] - 0
[43] - 0
[44] - 0
[45] - 0
[46] - 0
[47] - 0
[48] - 0
[49] - 0
-----------------

RESIZE --- NO_VALUE --- SIZE_DOWN
-----------------
size=3
capacity=50
content:
[0] - 10
[1] - 10
[2] - 10
-----------------

RESIZE --- NO_VALUE --- SAME_SIZE
-----------------
size=3
capacity=50
content:
[0] - 10
[1] - 10
[2] - 10
-----------------

RESIZE --- WITH_VALUE --- SIZE_UP
-----------------
size=30
capacity=50
content:
[0] - 10
[1] - 10
[2] - 10
[3] - 20
[4] - 20
[5] - 20
[6] - 20
[7] - 20
[8] - 20
[9] - 20
[10] - 20
[11] - 20
[12] - 20
[13] - 20
[14] - 20
[15] - 20
[16] - 20
[17] - 20
[18] - 20
[19] - 20
[20] - 20
[21] - 20
[22] - 20
[23] - 20
[24] - 20
[25] - 20
[26] - 20
[27] - 20
[28] - 20
[29] - 20
-----------------

RESIZE --- WITH_VALUE --- SIZE_DOWN
-----------------
size=5
capacity=50
content:
[0] - 5
[1] - 5
[2] - 5
[3] - 5
[4] - 5
-----------------

RESIZE --- WITH_VALUE --- SAME_SIZE
-----------------
size=5
capacity=50
content:
[0] - 5
[1] - 5
[2] - 5
[3] - 5
[4] - 5
-----------------

CLEAR
-----------------
size=0
capacity=50
content:
-----------------

INSERTING FOR NEXT TESTS
-----------------
size=5
capacity=50
content:
[0] - 0
[1] - 1
[2] - 2
[3] - 3
[4] - 4
-----------------

ERASE --- RANGE_OVERLOAD
-----------------
size=4
capacity=50
content:
[0] - 1
[1] - 2
[2] - 3
[3] - 4
-----------------

ERASE --- SINGLE_ELEMENT_OVERLOAD
-----------------
size=3
capacity=50
content:
[0] - 1
[1] - 2
[2] - 3
-----------------

NON MEMBER SWAP
numbers
-----------------
size=3
capacity=50
content:
[0] - 1
[1] - 2
[2] - 3
-----------------

numbers2
-----------------
size=5
capacity=5
content:
[0] - 12
[1] - 12
[2] - 12
[3] - 12
[4] - 12
-----------------

---------------------- STACK ----------------------
EMPTY --- EMPTY
1

SIZE --- EMPTY
0

PUSH OF FIVE ELEMENTS
STACK TOP ELEMENT
0

STACK TOP ELEMENT
1

STACK TOP ELEMENT
2

STACK TOP ELEMENT
3

STACK TOP ELEMENT
4

PUSH
STACK TOP ELEMENT
5

SIZE --- NOT EMPTY
6

EMPTY --- NOT EMPTY
0

POP
STACK TOP ELEMENT
4

OPERATOR=
STACK TOP ELEMENT
4

SIZE --- NOT EMPTY
5

---------------------- MAP ----------------------
